2023-09-11T21:30:16+00:00 CRITICAL Uncaught Error: Call to undefined method Affiliates_Dashboard_Overview_Pro::setup_query_filters() in D:\Projects\WP\BRIAN\shareing\wp-content\plugins\affiliates-pro\lib\ext\dashboard\class-affiliates-dashboard-overview-pro.php:157
Stack trace:
#0 D:\Projects\WP\BRIAN\shareing\wp-content\plugins\affiliates-pro\templates\dashboard\dashboard.php(77): Affiliates_Dashboard_Overview_Pro->render()
#1 D:\Projects\WP\BRIAN\shareing\wp-content\plugins\affiliates-pro\lib\core\class-affiliates-templates.php(59): include('D:\\Projects\\WP\\...')
#2 D:\Projects\WP\BRIAN\shareing\wp-content\plugins\affiliates-pro\lib\core\dashboard\class-affiliates-dashboard.php(91): Affiliates_Templates::include_template('dashboard/dashb...', Array)
#3 D:\Projects\WP\BRIAN\shareing\wp-content\plugins\affiliates-pro\lib\core\dashboard\class-affiliates-dashboard-shortcode.php(49): Affiliates_Dashboard->render()
#4 D:\Projects\WP\BRIAN\shareing\wp-includes\shortcodes.php(395): Affiliates_Dashboard_Shortcode::shortcode('', '', 'affiliates_dash...')
#5 [internal function]: do_shortcode_tag(Array)
#6 D:\Projects\WP\BRIAN\shareing\wp-includes\shortcodes.php(235): preg_replace_callback('/\\[(\\[?)(affili...', 'do_shortcode_ta...', '<p>[line_user_a...')
#7 D:\Projects\WP\BRIAN\shareing\wp-includes\class-wp-hook.php(310): do_shortcode('<p>[line_user_a...')
#8 D:\Projects\WP\BRIAN\shareing\wp-includes\plugin.php(205): WP_Hook->apply_filters('<p>[line_user_a...', Array)
#9 D:\Projects\WP\BRIAN\shareing\wp-includes\post-template.php(256): apply_filters('the_content', '[line_user_avat...')
#10 D:\Projects\WP\BRIAN\shareing\wp-content\themes\woostify\inc\woostify-template-functions.php(985): the_content()
#11 D:\Projects\WP\BRIAN\shareing\wp-includes\class-wp-hook.php(310): woostify_page_content('')
#12 D:\Projects\WP\BRIAN\shareing\wp-includes\class-wp-hook.php(334): WP_Hook->apply_filters('', Array)
#13 D:\Projects\WP\BRIAN\shareing\wp-includes\plugin.php(517): WP_Hook->do_action(Array)
#14 D:\Projects\WP\BRIAN\shareing\wp-content\themes\woostify\template-parts\content-page.php(17): do_action('woostify_page')
#15 D:\Projects\WP\BRIAN\shareing\wp-includes\template.php(787): require('D:\\Projects\\WP\\...')
#16 D:\Projects\WP\BRIAN\shareing\wp-includes\template.php(720): load_template('D:\\Projects\\WP\\...', false, Array)
#17 D:\Projects\WP\BRIAN\shareing\wp-includes\general-template.php(206): locate_template(Array, true, false, Array)
#18 D:\Projects\WP\BRIAN\shareing\wp-content\themes\woostify\page.php(29): get_template_part('template-parts/...', 'page')
#19 D:\Projects\WP\BRIAN\shareing\wp-includes\template-loader.php(106): include('D:\\Projects\\WP\\...')
#20 D:\Projects\WP\BRIAN\shareing\wp-blog-header.php(19): require_once('D:\\Projects\\WP\\...')
#21 D:\Projects\WP\BRIAN\shareing\index.php(17): require('D:\\Projects\\WP\\...')
#22 {main}
  thrown in D:\Projects\WP\BRIAN\shareing\wp-content\plugins\affiliates-pro\lib\ext\dashboard\class-affiliates-dashboard-overview-pro.php on line 157

2023-09-11T21:33:25+00:00 CRITICAL Uncaught Error: Call to undefined method Affiliates_Dashboard_Overview_Pro::setup_query_filters() in D:\Projects\WP\BRIAN\shareing\wp-content\plugins\affiliates-pro\lib\ext\dashboard\class-affiliates-dashboard-overview-pro.php:314
Stack trace:
#0 D:\Projects\WP\BRIAN\shareing\wp-content\plugins\affiliates-pro\templates\dashboard\dashboard.php(77): Affiliates_Dashboard_Overview_Pro->render()
#1 D:\Projects\WP\BRIAN\shareing\wp-content\plugins\affiliates-pro\lib\core\class-affiliates-templates.php(59): include('D:\\Projects\\WP\\...')
#2 D:\Projects\WP\BRIAN\shareing\wp-content\plugins\affiliates-pro\lib\core\dashboard\class-affiliates-dashboard.php(91): Affiliates_Templates::include_template('dashboard/dashb...', Array)
#3 D:\Projects\WP\BRIAN\shareing\wp-content\plugins\affiliates-pro\lib\core\dashboard\class-affiliates-dashboard-shortcode.php(49): Affiliates_Dashboard->render()
#4 D:\Projects\WP\BRIAN\shareing\wp-includes\shortcodes.php(395): Affiliates_Dashboard_Shortcode::shortcode('', '', 'affiliates_dash...')
#5 [internal function]: do_shortcode_tag(Array)
#6 D:\Projects\WP\BRIAN\shareing\wp-includes\shortcodes.php(235): preg_replace_callback('/\\[(\\[?)(affili...', 'do_shortcode_ta...', '<p>[line_user_a...')
#7 D:\Projects\WP\BRIAN\shareing\wp-includes\class-wp-hook.php(310): do_shortcode('<p>[line_user_a...')
#8 D:\Projects\WP\BRIAN\shareing\wp-includes\plugin.php(205): WP_Hook->apply_filters('<p>[line_user_a...', Array)
#9 D:\Projects\WP\BRIAN\shareing\wp-includes\post-template.php(256): apply_filters('the_content', '[line_user_avat...')
#10 D:\Projects\WP\BRIAN\shareing\wp-content\themes\woostify\inc\woostify-template-functions.php(985): the_content()
#11 D:\Projects\WP\BRIAN\shareing\wp-includes\class-wp-hook.php(310): woostify_page_content('')
#12 D:\Projects\WP\BRIAN\shareing\wp-includes\class-wp-hook.php(334): WP_Hook->apply_filters('', Array)
#13 D:\Projects\WP\BRIAN\shareing\wp-includes\plugin.php(517): WP_Hook->do_action(Array)
#14 D:\Projects\WP\BRIAN\shareing\wp-content\themes\woostify\template-parts\content-page.php(17): do_action('woostify_page')
#15 D:\Projects\WP\BRIAN\shareing\wp-includes\template.php(787): require('D:\\Projects\\WP\\...')
#16 D:\Projects\WP\BRIAN\shareing\wp-includes\template.php(720): load_template('D:\\Projects\\WP\\...', false, Array)
#17 D:\Projects\WP\BRIAN\shareing\wp-includes\general-template.php(206): locate_template(Array, true, false, Array)
#18 D:\Projects\WP\BRIAN\shareing\wp-content\themes\woostify\page.php(29): get_template_part('template-parts/...', 'page')
#19 D:\Projects\WP\BRIAN\shareing\wp-includes\template-loader.php(106): include('D:\\Projects\\WP\\...')
#20 D:\Projects\WP\BRIAN\shareing\wp-blog-header.php(19): require_once('D:\\Projects\\WP\\...')
#21 D:\Projects\WP\BRIAN\shareing\index.php(17): require('D:\\Projects\\WP\\...')
#22 {main}
  thrown in D:\Projects\WP\BRIAN\shareing\wp-content\plugins\affiliates-pro\lib\ext\dashboard\class-affiliates-dashboard-overview-pro.php on line 314

2023-09-11T21:40:57+00:00 CRITICAL Uncaught Error: Call to undefined method Affiliates_Dashboard_Overview_Pro::get_search() in D:\Projects\WP\BRIAN\shareing\wp-content\plugins\affiliates-pro\templates\dashboard\overview-pro.php:282
Stack trace:
#0 D:\Projects\WP\BRIAN\shareing\wp-content\plugins\affiliates-pro\lib\core\class-affiliates-templates.php(59): include()
#1 D:\Projects\WP\BRIAN\shareing\wp-content\plugins\affiliates-pro\lib\core\dashboard\class-affiliates-dashboard-section.php(97): Affiliates_Templates::include_template('dashboard/overv...', Array)
#2 D:\Projects\WP\BRIAN\shareing\wp-content\plugins\affiliates-pro\lib\ext\dashboard\class-affiliates-dashboard-overview-pro.php(311): Affiliates_Dashboard_Section->render()
#3 D:\Projects\WP\BRIAN\shareing\wp-content\plugins\affiliates-pro\templates\dashboard\dashboard.php(77): Affiliates_Dashboard_Overview_Pro->render()
#4 D:\Projects\WP\BRIAN\shareing\wp-content\plugins\affiliates-pro\lib\core\class-affiliates-templates.php(59): include('D:\\Projects\\WP\\...')
#5 D:\Projects\WP\BRIAN\shareing\wp-content\plugins\affiliates-pro\lib\core\dashboard\class-affiliates-dashboard.php(91): Affiliates_Templates::include_template('dashboard/dashb...', Array)
#6 D:\Projects\WP\BRIAN\shareing\wp-content\plugins\affiliates-pro\lib\core\dashboard\class-affiliates-dashboard-shortcode.php(49): Affiliates_Dashboard->render()
#7 D:\Projects\WP\BRIAN\shareing\wp-includes\shortcodes.php(395): Affiliates_Dashboard_Shortcode::shortcode('', '', 'affiliates_dash...')
#8 [internal function]: do_shortcode_tag(Array)
#9 D:\Projects\WP\BRIAN\shareing\wp-includes\shortcodes.php(235): preg_replace_callback('/\\[(\\[?)(affili...', 'do_shortcode_ta...', '<p>[line_user_a...')
#10 D:\Projects\WP\BRIAN\shareing\wp-includes\class-wp-hook.php(310): do_shortcode('<p>[line_user_a...')
#11 D:\Projects\WP\BRIAN\shareing\wp-includes\plugin.php(205): WP_Hook->apply_filters('<p>[line_user_a...', Array)
#12 D:\Projects\WP\BRIAN\shareing\wp-includes\post-template.php(256): apply_filters('the_content', '[line_user_avat...')
#13 D:\Projects\WP\BRIAN\shareing\wp-content\themes\woostify\inc\woostify-template-functions.php(985): the_content()
#14 D:\Projects\WP\BRIAN\shareing\wp-includes\class-wp-hook.php(310): woostify_page_content('')
#15 D:\Projects\WP\BRIAN\shareing\wp-includes\class-wp-hook.php(334): WP_Hook->apply_filters('', Array)
#16 D:\Projects\WP\BRIAN\shareing\wp-includes\plugin.php(517): WP_Hook->do_action(Array)
#17 D:\Projects\WP\BRIAN\shareing\wp-content\themes\woostify\template-parts\content-page.php(17): do_action('woostify_page')
#18 D:\Projects\WP\BRIAN\shareing\wp-includes\template.php(787): require('D:\\Projects\\WP\\...')
#19 D:\Projects\WP\BRIAN\shareing\wp-includes\template.php(720): load_template('D:\\Projects\\WP\\...', false, Array)
#20 D:\Projects\WP\BRIAN\shareing\wp-includes\general-template.php(206): locate_template(Array, true, false, Array)
#21 D:\Projects\WP\BRIAN\shareing\wp-content\themes\woostify\page.php(29): get_template_part('template-parts/...', 'page')
#22 D:\Projects\WP\BRIAN\shareing\wp-includes\template-loader.php(106): include('D:\\Projects\\WP\\...')
#23 D:\Projects\WP\BRIAN\shareing\wp-blog-header.php(19): require_once('D:\\Projects\\WP\\...')
#24 D:\Projects\WP\BRIAN\shareing\index.php(17): require('D:\\Projects\\WP\\...')
#25 {main}
  thrown in D:\Projects\WP\BRIAN\shareing\wp-content\plugins\affiliates-pro\templates\dashboard\overview-pro.php on line 282

2023-09-11T21:41:19+00:00 CRITICAL Uncaught Error: Call to undefined method Affiliates_Dashboard_Overview_Pro::get_search() in D:\Projects\WP\BRIAN\shareing\wp-content\plugins\affiliates-pro\templates\dashboard\overview-pro.php:282
Stack trace:
#0 D:\Projects\WP\BRIAN\shareing\wp-content\plugins\affiliates-pro\lib\core\class-affiliates-templates.php(59): include()
#1 D:\Projects\WP\BRIAN\shareing\wp-content\plugins\affiliates-pro\lib\core\dashboard\class-affiliates-dashboard-section.php(97): Affiliates_Templates::include_template('dashboard/overv...', Array)
#2 D:\Projects\WP\BRIAN\shareing\wp-content\plugins\affiliates-pro\lib\ext\dashboard\class-affiliates-dashboard-overview-pro.php(311): Affiliates_Dashboard_Section->render()
#3 D:\Projects\WP\BRIAN\shareing\wp-content\plugins\affiliates-pro\templates\dashboard\dashboard.php(77): Affiliates_Dashboard_Overview_Pro->render()
#4 D:\Projects\WP\BRIAN\shareing\wp-content\plugins\affiliates-pro\lib\core\class-affiliates-templates.php(59): include('D:\\Projects\\WP\\...')
#5 D:\Projects\WP\BRIAN\shareing\wp-content\plugins\affiliates-pro\lib\core\dashboard\class-affiliates-dashboard.php(91): Affiliates_Templates::include_template('dashboard/dashb...', Array)
#6 D:\Projects\WP\BRIAN\shareing\wp-content\plugins\affiliates-pro\lib\core\dashboard\class-affiliates-dashboard-shortcode.php(49): Affiliates_Dashboard->render()
#7 D:\Projects\WP\BRIAN\shareing\wp-includes\shortcodes.php(395): Affiliates_Dashboard_Shortcode::shortcode('', '', 'affiliates_dash...')
#8 [internal function]: do_shortcode_tag(Array)
#9 D:\Projects\WP\BRIAN\shareing\wp-includes\shortcodes.php(235): preg_replace_callback('/\\[(\\[?)(affili...', 'do_shortcode_ta...', '<p>[line_user_a...')
#10 D:\Projects\WP\BRIAN\shareing\wp-includes\class-wp-hook.php(310): do_shortcode('<p>[line_user_a...')
#11 D:\Projects\WP\BRIAN\shareing\wp-includes\plugin.php(205): WP_Hook->apply_filters('<p>[line_user_a...', Array)
#12 D:\Projects\WP\BRIAN\shareing\wp-includes\post-template.php(256): apply_filters('the_content', '[line_user_avat...')
#13 D:\Projects\WP\BRIAN\shareing\wp-content\themes\woostify\inc\woostify-template-functions.php(985): the_content()
#14 D:\Projects\WP\BRIAN\shareing\wp-includes\class-wp-hook.php(310): woostify_page_content('')
#15 D:\Projects\WP\BRIAN\shareing\wp-includes\class-wp-hook.php(334): WP_Hook->apply_filters('', Array)
#16 D:\Projects\WP\BRIAN\shareing\wp-includes\plugin.php(517): WP_Hook->do_action(Array)
#17 D:\Projects\WP\BRIAN\shareing\wp-content\themes\woostify\template-parts\content-page.php(17): do_action('woostify_page')
#18 D:\Projects\WP\BRIAN\shareing\wp-includes\template.php(787): require('D:\\Projects\\WP\\...')
#19 D:\Projects\WP\BRIAN\shareing\wp-includes\template.php(720): load_template('D:\\Projects\\WP\\...', false, Array)
#20 D:\Projects\WP\BRIAN\shareing\wp-includes\general-template.php(206): locate_template(Array, true, false, Array)
#21 D:\Projects\WP\BRIAN\shareing\wp-content\themes\woostify\page.php(29): get_template_part('template-parts/...', 'page')
#22 D:\Projects\WP\BRIAN\shareing\wp-includes\template-loader.php(106): include('D:\\Projects\\WP\\...')
#23 D:\Projects\WP\BRIAN\shareing\wp-blog-header.php(19): require_once('D:\\Projects\\WP\\...')
#24 D:\Projects\WP\BRIAN\shareing\index.php(17): require('D:\\Projects\\WP\\...')
#25 {main}
  thrown in D:\Projects\WP\BRIAN\shareing\wp-content\plugins\affiliates-pro\templates\dashboard\overview-pro.php on line 282

2023-09-11T21:41:39+00:00 CRITICAL Uncaught Error: Call to undefined method Affiliates_Dashboard_Overview_Pro::get_search() in D:\Projects\WP\BRIAN\shareing\wp-content\plugins\affiliates-pro\templates\dashboard\overview-pro.php:282
Stack trace:
#0 D:\Projects\WP\BRIAN\shareing\wp-content\plugins\affiliates-pro\lib\core\class-affiliates-templates.php(59): include()
#1 D:\Projects\WP\BRIAN\shareing\wp-content\plugins\affiliates-pro\lib\core\dashboard\class-affiliates-dashboard-section.php(97): Affiliates_Templates::include_template('dashboard/overv...', Array)
#2 D:\Projects\WP\BRIAN\shareing\wp-content\plugins\affiliates-pro\lib\ext\dashboard\class-affiliates-dashboard-overview-pro.php(311): Affiliates_Dashboard_Section->render()
#3 D:\Projects\WP\BRIAN\shareing\wp-content\plugins\affiliates-pro\templates\dashboard\dashboard.php(77): Affiliates_Dashboard_Overview_Pro->render()
#4 D:\Projects\WP\BRIAN\shareing\wp-content\plugins\affiliates-pro\lib\core\class-affiliates-templates.php(59): include('D:\\Projects\\WP\\...')
#5 D:\Projects\WP\BRIAN\shareing\wp-content\plugins\affiliates-pro\lib\core\dashboard\class-affiliates-dashboard.php(91): Affiliates_Templates::include_template('dashboard/dashb...', Array)
#6 D:\Projects\WP\BRIAN\shareing\wp-content\plugins\affiliates-pro\lib\core\dashboard\class-affiliates-dashboard-shortcode.php(49): Affiliates_Dashboard->render()
#7 D:\Projects\WP\BRIAN\shareing\wp-includes\shortcodes.php(395): Affiliates_Dashboard_Shortcode::shortcode('', '', 'affiliates_dash...')
#8 [internal function]: do_shortcode_tag(Array)
#9 D:\Projects\WP\BRIAN\shareing\wp-includes\shortcodes.php(235): preg_replace_callback('/\\[(\\[?)(affili...', 'do_shortcode_ta...', '<p>[line_user_a...')
#10 D:\Projects\WP\BRIAN\shareing\wp-includes\class-wp-hook.php(310): do_shortcode('<p>[line_user_a...')
#11 D:\Projects\WP\BRIAN\shareing\wp-includes\plugin.php(205): WP_Hook->apply_filters('<p>[line_user_a...', Array)
#12 D:\Projects\WP\BRIAN\shareing\wp-includes\post-template.php(256): apply_filters('the_content', '[line_user_avat...')
#13 D:\Projects\WP\BRIAN\shareing\wp-content\themes\woostify\inc\woostify-template-functions.php(985): the_content()
#14 D:\Projects\WP\BRIAN\shareing\wp-includes\class-wp-hook.php(310): woostify_page_content('')
#15 D:\Projects\WP\BRIAN\shareing\wp-includes\class-wp-hook.php(334): WP_Hook->apply_filters('', Array)
#16 D:\Projects\WP\BRIAN\shareing\wp-includes\plugin.php(517): WP_Hook->do_action(Array)
#17 D:\Projects\WP\BRIAN\shareing\wp-content\themes\woostify\template-parts\content-page.php(17): do_action('woostify_page')
#18 D:\Projects\WP\BRIAN\shareing\wp-includes\template.php(787): require('D:\\Projects\\WP\\...')
#19 D:\Projects\WP\BRIAN\shareing\wp-includes\template.php(720): load_template('D:\\Projects\\WP\\...', false, Array)
#20 D:\Projects\WP\BRIAN\shareing\wp-includes\general-template.php(206): locate_template(Array, true, false, Array)
#21 D:\Projects\WP\BRIAN\shareing\wp-content\themes\woostify\page.php(29): get_template_part('template-parts/...', 'page')
#22 D:\Projects\WP\BRIAN\shareing\wp-includes\template-loader.php(106): include('D:\\Projects\\WP\\...')
#23 D:\Projects\WP\BRIAN\shareing\wp-blog-header.php(19): require_once('D:\\Projects\\WP\\...')
#24 D:\Projects\WP\BRIAN\shareing\index.php(17): require('D:\\Projects\\WP\\...')
#25 {main}
  thrown in D:\Projects\WP\BRIAN\shareing\wp-content\plugins\affiliates-pro\templates\dashboard\overview-pro.php on line 282

2023-09-11T21:41:49+00:00 CRITICAL Uncaught Error: Call to undefined method Affiliates_Dashboard_Overview_Pro::get_search() in D:\Projects\WP\BRIAN\shareing\wp-content\plugins\affiliates-pro\templates\dashboard\overview-pro.php:282
Stack trace:
#0 D:\Projects\WP\BRIAN\shareing\wp-content\plugins\affiliates-pro\lib\core\class-affiliates-templates.php(59): include()
#1 D:\Projects\WP\BRIAN\shareing\wp-content\plugins\affiliates-pro\lib\core\dashboard\class-affiliates-dashboard-section.php(97): Affiliates_Templates::include_template('dashboard/overv...', Array)
#2 D:\Projects\WP\BRIAN\shareing\wp-content\plugins\affiliates-pro\lib\ext\dashboard\class-affiliates-dashboard-overview-pro.php(311): Affiliates_Dashboard_Section->render()
#3 D:\Projects\WP\BRIAN\shareing\wp-content\plugins\affiliates-pro\templates\dashboard\dashboard.php(77): Affiliates_Dashboard_Overview_Pro->render()
#4 D:\Projects\WP\BRIAN\shareing\wp-content\plugins\affiliates-pro\lib\core\class-affiliates-templates.php(59): include('D:\\Projects\\WP\\...')
#5 D:\Projects\WP\BRIAN\shareing\wp-content\plugins\affiliates-pro\lib\core\dashboard\class-affiliates-dashboard.php(91): Affiliates_Templates::include_template('dashboard/dashb...', Array)
#6 D:\Projects\WP\BRIAN\shareing\wp-content\plugins\affiliates-pro\lib\core\dashboard\class-affiliates-dashboard-shortcode.php(49): Affiliates_Dashboard->render()
#7 D:\Projects\WP\BRIAN\shareing\wp-includes\shortcodes.php(395): Affiliates_Dashboard_Shortcode::shortcode('', '', 'affiliates_dash...')
#8 [internal function]: do_shortcode_tag(Array)
#9 D:\Projects\WP\BRIAN\shareing\wp-includes\shortcodes.php(235): preg_replace_callback('/\\[(\\[?)(affili...', 'do_shortcode_ta...', '<p>[line_user_a...')
#10 D:\Projects\WP\BRIAN\shareing\wp-includes\class-wp-hook.php(310): do_shortcode('<p>[line_user_a...')
#11 D:\Projects\WP\BRIAN\shareing\wp-includes\plugin.php(205): WP_Hook->apply_filters('<p>[line_user_a...', Array)
#12 D:\Projects\WP\BRIAN\shareing\wp-includes\post-template.php(256): apply_filters('the_content', '[line_user_avat...')
#13 D:\Projects\WP\BRIAN\shareing\wp-content\themes\woostify\inc\woostify-template-functions.php(985): the_content()
#14 D:\Projects\WP\BRIAN\shareing\wp-includes\class-wp-hook.php(310): woostify_page_content('')
#15 D:\Projects\WP\BRIAN\shareing\wp-includes\class-wp-hook.php(334): WP_Hook->apply_filters('', Array)
#16 D:\Projects\WP\BRIAN\shareing\wp-includes\plugin.php(517): WP_Hook->do_action(Array)
#17 D:\Projects\WP\BRIAN\shareing\wp-content\themes\woostify\template-parts\content-page.php(17): do_action('woostify_page')
#18 D:\Projects\WP\BRIAN\shareing\wp-includes\template.php(787): require('D:\\Projects\\WP\\...')
#19 D:\Projects\WP\BRIAN\shareing\wp-includes\template.php(720): load_template('D:\\Projects\\WP\\...', false, Array)
#20 D:\Projects\WP\BRIAN\shareing\wp-includes\general-template.php(206): locate_template(Array, true, false, Array)
#21 D:\Projects\WP\BRIAN\shareing\wp-content\themes\woostify\page.php(29): get_template_part('template-parts/...', 'page')
#22 D:\Projects\WP\BRIAN\shareing\wp-includes\template-loader.php(106): include('D:\\Projects\\WP\\...')
#23 D:\Projects\WP\BRIAN\shareing\wp-blog-header.php(19): require_once('D:\\Projects\\WP\\...')
#24 D:\Projects\WP\BRIAN\shareing\index.php(17): require('D:\\Projects\\WP\\...')
#25 {main}
  thrown in D:\Projects\WP\BRIAN\shareing\wp-content\plugins\affiliates-pro\templates\dashboard\overview-pro.php on line 282

2023-09-11T21:42:11+00:00 CRITICAL Uncaught Error: Call to undefined method Affiliates_Dashboard_Overview_Pro::get_search() in D:\Projects\WP\BRIAN\shareing\wp-content\plugins\affiliates-pro\templates\dashboard\overview-pro.php:282
Stack trace:
#0 D:\Projects\WP\BRIAN\shareing\wp-content\plugins\affiliates-pro\lib\core\class-affiliates-templates.php(59): include()
#1 D:\Projects\WP\BRIAN\shareing\wp-content\plugins\affiliates-pro\lib\core\dashboard\class-affiliates-dashboard-section.php(97): Affiliates_Templates::include_template('dashboard/overv...', Array)
#2 D:\Projects\WP\BRIAN\shareing\wp-content\plugins\affiliates-pro\lib\ext\dashboard\class-affiliates-dashboard-overview-pro.php(311): Affiliates_Dashboard_Section->render()
#3 D:\Projects\WP\BRIAN\shareing\wp-content\plugins\affiliates-pro\templates\dashboard\dashboard.php(77): Affiliates_Dashboard_Overview_Pro->render()
#4 D:\Projects\WP\BRIAN\shareing\wp-content\plugins\affiliates-pro\lib\core\class-affiliates-templates.php(59): include('D:\\Projects\\WP\\...')
#5 D:\Projects\WP\BRIAN\shareing\wp-content\plugins\affiliates-pro\lib\core\dashboard\class-affiliates-dashboard.php(91): Affiliates_Templates::include_template('dashboard/dashb...', Array)
#6 D:\Projects\WP\BRIAN\shareing\wp-content\plugins\affiliates-pro\lib\core\dashboard\class-affiliates-dashboard-shortcode.php(49): Affiliates_Dashboard->render()
#7 D:\Projects\WP\BRIAN\shareing\wp-includes\shortcodes.php(395): Affiliates_Dashboard_Shortcode::shortcode('', '', 'affiliates_dash...')
#8 [internal function]: do_shortcode_tag(Array)
#9 D:\Projects\WP\BRIAN\shareing\wp-includes\shortcodes.php(235): preg_replace_callback('/\\[(\\[?)(affili...', 'do_shortcode_ta...', '<p>[line_user_a...')
#10 D:\Projects\WP\BRIAN\shareing\wp-includes\class-wp-hook.php(310): do_shortcode('<p>[line_user_a...')
#11 D:\Projects\WP\BRIAN\shareing\wp-includes\plugin.php(205): WP_Hook->apply_filters('<p>[line_user_a...', Array)
#12 D:\Projects\WP\BRIAN\shareing\wp-includes\post-template.php(256): apply_filters('the_content', '[line_user_avat...')
#13 D:\Projects\WP\BRIAN\shareing\wp-content\themes\woostify\inc\woostify-template-functions.php(985): the_content()
#14 D:\Projects\WP\BRIAN\shareing\wp-includes\class-wp-hook.php(310): woostify_page_content('')
#15 D:\Projects\WP\BRIAN\shareing\wp-includes\class-wp-hook.php(334): WP_Hook->apply_filters('', Array)
#16 D:\Projects\WP\BRIAN\shareing\wp-includes\plugin.php(517): WP_Hook->do_action(Array)
#17 D:\Projects\WP\BRIAN\shareing\wp-content\themes\woostify\template-parts\content-page.php(17): do_action('woostify_page')
#18 D:\Projects\WP\BRIAN\shareing\wp-includes\template.php(787): require('D:\\Projects\\WP\\...')
#19 D:\Projects\WP\BRIAN\shareing\wp-includes\template.php(720): load_template('D:\\Projects\\WP\\...', false, Array)
#20 D:\Projects\WP\BRIAN\shareing\wp-includes\general-template.php(206): locate_template(Array, true, false, Array)
#21 D:\Projects\WP\BRIAN\shareing\wp-content\themes\woostify\page.php(29): get_template_part('template-parts/...', 'page')
#22 D:\Projects\WP\BRIAN\shareing\wp-includes\template-loader.php(106): include('D:\\Projects\\WP\\...')
#23 D:\Projects\WP\BRIAN\shareing\wp-blog-header.php(19): require_once('D:\\Projects\\WP\\...')
#24 D:\Projects\WP\BRIAN\shareing\index.php(17): require('D:\\Projects\\WP\\...')
#25 {main}
  thrown in D:\Projects\WP\BRIAN\shareing\wp-content\plugins\affiliates-pro\templates\dashboard\overview-pro.php on line 282

2023-09-11T23:36:59+00:00 CRITICAL Uncaught Error: Call to a member function get_url_parameters() on null in D:\Projects\WP\BRIAN\shareing\wp-content\plugins\affiliates-pro\lib\core\dashboard\class-affiliates-dashboard.php:172
Stack trace:
#0 D:\Projects\WP\BRIAN\shareing\wp-content\plugins\affiliates-pro\templates\dashboard\dashboard.php(62): Affiliates_Dashboard->get_url(Array)
#1 D:\Projects\WP\BRIAN\shareing\wp-content\plugins\affiliates-pro\lib\core\class-affiliates-templates.php(59): include('D:\\Projects\\WP\\...')
#2 D:\Projects\WP\BRIAN\shareing\wp-content\plugins\affiliates-pro\lib\core\dashboard\class-affiliates-dashboard.php(91): Affiliates_Templates::include_template('dashboard/dashb...', Array)
#3 D:\Projects\WP\BRIAN\shareing\wp-content\plugins\affiliates-pro\lib\core\dashboard\class-affiliates-dashboard-shortcode.php(49): Affiliates_Dashboard->render()
#4 D:\Projects\WP\BRIAN\shareing\wp-includes\shortcodes.php(395): Affiliates_Dashboard_Shortcode::shortcode('', '', 'affiliates_dash...')
#5 [internal function]: do_shortcode_tag(Array)
#6 D:\Projects\WP\BRIAN\shareing\wp-includes\shortcodes.php(235): preg_replace_callback('/\\[(\\[?)(affili...', 'do_shortcode_ta...', '<p>[line_user_a...')
#7 D:\Projects\WP\BRIAN\shareing\wp-includes\class-wp-hook.php(310): do_shortcode('<p>[line_user_a...')
#8 D:\Projects\WP\BRIAN\shareing\wp-includes\plugin.php(205): WP_Hook->apply_filters('<p>[line_user_a...', Array)
#9 D:\Projects\WP\BRIAN\shareing\wp-includes\post-template.php(256): apply_filters('the_content', '[line_user_avat...')
#10 D:\Projects\WP\BRIAN\shareing\wp-content\themes\woostify\inc\woostify-template-functions.php(985): the_content()
#11 D:\Projects\WP\BRIAN\shareing\wp-includes\class-wp-hook.php(310): woostify_page_content('')
#12 D:\Projects\WP\BRIAN\shareing\wp-includes\class-wp-hook.php(334): WP_Hook->apply_filters('', Array)
#13 D:\Projects\WP\BRIAN\shareing\wp-includes\plugin.php(517): WP_Hook->do_action(Array)
#14 D:\Projects\WP\BRIAN\shareing\wp-content\themes\woostify\template-parts\content-page.php(17): do_action('woostify_page')
#15 D:\Projects\WP\BRIAN\shareing\wp-includes\template.php(787): require('D:\\Projects\\WP\\...')
#16 D:\Projects\WP\BRIAN\shareing\wp-includes\template.php(720): load_template('D:\\Projects\\WP\\...', false, Array)
#17 D:\Projects\WP\BRIAN\shareing\wp-includes\general-template.php(206): locate_template(Array, true, false, Array)
#18 D:\Projects\WP\BRIAN\shareing\wp-content\themes\woostify\page.php(29): get_template_part('template-parts/...', 'page')
#19 D:\Projects\WP\BRIAN\shareing\wp-includes\template-loader.php(106): include('D:\\Projects\\WP\\...')
#20 D:\Projects\WP\BRIAN\shareing\wp-blog-header.php(19): require_once('D:\\Projects\\WP\\...')
#21 D:\Projects\WP\BRIAN\shareing\index.php(17): require('D:\\Projects\\WP\\...')
#22 {main}
  thrown in D:\Projects\WP\BRIAN\shareing\wp-content\plugins\affiliates-pro\lib\core\dashboard\class-affiliates-dashboard.php on line 172

2023-09-11T23:37:08+00:00 CRITICAL Uncaught Error: Call to a member function get_url_parameters() on null in D:\Projects\WP\BRIAN\shareing\wp-content\plugins\affiliates-pro\lib\core\dashboard\class-affiliates-dashboard.php:172
Stack trace:
#0 D:\Projects\WP\BRIAN\shareing\wp-content\plugins\affiliates-pro\templates\dashboard\dashboard.php(62): Affiliates_Dashboard->get_url(Array)
#1 D:\Projects\WP\BRIAN\shareing\wp-content\plugins\affiliates-pro\lib\core\class-affiliates-templates.php(59): include('D:\\Projects\\WP\\...')
#2 D:\Projects\WP\BRIAN\shareing\wp-content\plugins\affiliates-pro\lib\core\dashboard\class-affiliates-dashboard.php(91): Affiliates_Templates::include_template('dashboard/dashb...', Array)
#3 D:\Projects\WP\BRIAN\shareing\wp-content\plugins\affiliates-pro\lib\core\dashboard\class-affiliates-dashboard-shortcode.php(49): Affiliates_Dashboard->render()
#4 D:\Projects\WP\BRIAN\shareing\wp-includes\shortcodes.php(395): Affiliates_Dashboard_Shortcode::shortcode('', '', 'affiliates_dash...')
#5 [internal function]: do_shortcode_tag(Array)
#6 D:\Projects\WP\BRIAN\shareing\wp-includes\shortcodes.php(235): preg_replace_callback('/\\[(\\[?)(affili...', 'do_shortcode_ta...', '<p>[line_user_a...')
#7 D:\Projects\WP\BRIAN\shareing\wp-includes\class-wp-hook.php(310): do_shortcode('<p>[line_user_a...')
#8 D:\Projects\WP\BRIAN\shareing\wp-includes\plugin.php(205): WP_Hook->apply_filters('<p>[line_user_a...', Array)
#9 D:\Projects\WP\BRIAN\shareing\wp-includes\post-template.php(256): apply_filters('the_content', '[line_user_avat...')
#10 D:\Projects\WP\BRIAN\shareing\wp-content\themes\woostify\inc\woostify-template-functions.php(985): the_content()
#11 D:\Projects\WP\BRIAN\shareing\wp-includes\class-wp-hook.php(310): woostify_page_content('')
#12 D:\Projects\WP\BRIAN\shareing\wp-includes\class-wp-hook.php(334): WP_Hook->apply_filters('', Array)
#13 D:\Projects\WP\BRIAN\shareing\wp-includes\plugin.php(517): WP_Hook->do_action(Array)
#14 D:\Projects\WP\BRIAN\shareing\wp-content\themes\woostify\template-parts\content-page.php(17): do_action('woostify_page')
#15 D:\Projects\WP\BRIAN\shareing\wp-includes\template.php(787): require('D:\\Projects\\WP\\...')
#16 D:\Projects\WP\BRIAN\shareing\wp-includes\template.php(720): load_template('D:\\Projects\\WP\\...', false, Array)
#17 D:\Projects\WP\BRIAN\shareing\wp-includes\general-template.php(206): locate_template(Array, true, false, Array)
#18 D:\Projects\WP\BRIAN\shareing\wp-content\themes\woostify\page.php(29): get_template_part('template-parts/...', 'page')
#19 D:\Projects\WP\BRIAN\shareing\wp-includes\template-loader.php(106): include('D:\\Projects\\WP\\...')
#20 D:\Projects\WP\BRIAN\shareing\wp-blog-header.php(19): require_once('D:\\Projects\\WP\\...')
#21 D:\Projects\WP\BRIAN\shareing\index.php(17): require('D:\\Projects\\WP\\...')
#22 {main}
  thrown in D:\Projects\WP\BRIAN\shareing\wp-content\plugins\affiliates-pro\lib\core\dashboard\class-affiliates-dashboard.php on line 172

2023-09-11T23:37:16+00:00 CRITICAL Uncaught Error: Call to a member function get_url_parameters() on null in D:\Projects\WP\BRIAN\shareing\wp-content\plugins\affiliates-pro\lib\core\dashboard\class-affiliates-dashboard.php:172
Stack trace:
#0 D:\Projects\WP\BRIAN\shareing\wp-content\plugins\affiliates-pro\templates\dashboard\dashboard.php(62): Affiliates_Dashboard->get_url(Array)
#1 D:\Projects\WP\BRIAN\shareing\wp-content\plugins\affiliates-pro\lib\core\class-affiliates-templates.php(59): include('D:\\Projects\\WP\\...')
#2 D:\Projects\WP\BRIAN\shareing\wp-content\plugins\affiliates-pro\lib\core\dashboard\class-affiliates-dashboard.php(91): Affiliates_Templates::include_template('dashboard/dashb...', Array)
#3 D:\Projects\WP\BRIAN\shareing\wp-content\plugins\affiliates-pro\lib\core\dashboard\class-affiliates-dashboard-shortcode.php(49): Affiliates_Dashboard->render()
#4 D:\Projects\WP\BRIAN\shareing\wp-includes\shortcodes.php(395): Affiliates_Dashboard_Shortcode::shortcode('', '', 'affiliates_dash...')
#5 [internal function]: do_shortcode_tag(Array)
#6 D:\Projects\WP\BRIAN\shareing\wp-includes\shortcodes.php(235): preg_replace_callback('/\\[(\\[?)(affili...', 'do_shortcode_ta...', '<p>[line_user_a...')
#7 D:\Projects\WP\BRIAN\shareing\wp-includes\class-wp-hook.php(310): do_shortcode('<p>[line_user_a...')
#8 D:\Projects\WP\BRIAN\shareing\wp-includes\plugin.php(205): WP_Hook->apply_filters('<p>[line_user_a...', Array)
#9 D:\Projects\WP\BRIAN\shareing\wp-includes\post-template.php(256): apply_filters('the_content', '[line_user_avat...')
#10 D:\Projects\WP\BRIAN\shareing\wp-content\themes\woostify\inc\woostify-template-functions.php(985): the_content()
#11 D:\Projects\WP\BRIAN\shareing\wp-includes\class-wp-hook.php(310): woostify_page_content('')
#12 D:\Projects\WP\BRIAN\shareing\wp-includes\class-wp-hook.php(334): WP_Hook->apply_filters('', Array)
#13 D:\Projects\WP\BRIAN\shareing\wp-includes\plugin.php(517): WP_Hook->do_action(Array)
#14 D:\Projects\WP\BRIAN\shareing\wp-content\themes\woostify\template-parts\content-page.php(17): do_action('woostify_page')
#15 D:\Projects\WP\BRIAN\shareing\wp-includes\template.php(787): require('D:\\Projects\\WP\\...')
#16 D:\Projects\WP\BRIAN\shareing\wp-includes\template.php(720): load_template('D:\\Projects\\WP\\...', false, Array)
#17 D:\Projects\WP\BRIAN\shareing\wp-includes\general-template.php(206): locate_template(Array, true, false, Array)
#18 D:\Projects\WP\BRIAN\shareing\wp-content\themes\woostify\page.php(29): get_template_part('template-parts/...', 'page')
#19 D:\Projects\WP\BRIAN\shareing\wp-includes\template-loader.php(106): include('D:\\Projects\\WP\\...')
#20 D:\Projects\WP\BRIAN\shareing\wp-blog-header.php(19): require_once('D:\\Projects\\WP\\...')
#21 D:\Projects\WP\BRIAN\shareing\index.php(17): require('D:\\Projects\\WP\\...')
#22 {main}
  thrown in D:\Projects\WP\BRIAN\shareing\wp-content\plugins\affiliates-pro\lib\core\dashboard\class-affiliates-dashboard.php on line 172

2023-09-11T23:37:17+00:00 CRITICAL Uncaught Error: Call to a member function get_url_parameters() on null in D:\Projects\WP\BRIAN\shareing\wp-content\plugins\affiliates-pro\lib\core\dashboard\class-affiliates-dashboard.php:172
Stack trace:
#0 D:\Projects\WP\BRIAN\shareing\wp-content\plugins\affiliates-pro\templates\dashboard\dashboard.php(62): Affiliates_Dashboard->get_url(Array)
#1 D:\Projects\WP\BRIAN\shareing\wp-content\plugins\affiliates-pro\lib\core\class-affiliates-templates.php(59): include('D:\\Projects\\WP\\...')
#2 D:\Projects\WP\BRIAN\shareing\wp-content\plugins\affiliates-pro\lib\core\dashboard\class-affiliates-dashboard.php(91): Affiliates_Templates::include_template('dashboard/dashb...', Array)
#3 D:\Projects\WP\BRIAN\shareing\wp-content\plugins\affiliates-pro\lib\core\dashboard\class-affiliates-dashboard-shortcode.php(49): Affiliates_Dashboard->render()
#4 D:\Projects\WP\BRIAN\shareing\wp-includes\shortcodes.php(395): Affiliates_Dashboard_Shortcode::shortcode('', '', 'affiliates_dash...')
#5 [internal function]: do_shortcode_tag(Array)
#6 D:\Projects\WP\BRIAN\shareing\wp-includes\shortcodes.php(235): preg_replace_callback('/\\[(\\[?)(affili...', 'do_shortcode_ta...', '<p>[line_user_a...')
#7 D:\Projects\WP\BRIAN\shareing\wp-includes\class-wp-hook.php(310): do_shortcode('<p>[line_user_a...')
#8 D:\Projects\WP\BRIAN\shareing\wp-includes\plugin.php(205): WP_Hook->apply_filters('<p>[line_user_a...', Array)
#9 D:\Projects\WP\BRIAN\shareing\wp-includes\post-template.php(256): apply_filters('the_content', '[line_user_avat...')
#10 D:\Projects\WP\BRIAN\shareing\wp-content\themes\woostify\inc\woostify-template-functions.php(985): the_content()
#11 D:\Projects\WP\BRIAN\shareing\wp-includes\class-wp-hook.php(310): woostify_page_content('')
#12 D:\Projects\WP\BRIAN\shareing\wp-includes\class-wp-hook.php(334): WP_Hook->apply_filters('', Array)
#13 D:\Projects\WP\BRIAN\shareing\wp-includes\plugin.php(517): WP_Hook->do_action(Array)
#14 D:\Projects\WP\BRIAN\shareing\wp-content\themes\woostify\template-parts\content-page.php(17): do_action('woostify_page')
#15 D:\Projects\WP\BRIAN\shareing\wp-includes\template.php(787): require('D:\\Projects\\WP\\...')
#16 D:\Projects\WP\BRIAN\shareing\wp-includes\template.php(720): load_template('D:\\Projects\\WP\\...', false, Array)
#17 D:\Projects\WP\BRIAN\shareing\wp-includes\general-template.php(206): locate_template(Array, true, false, Array)
#18 D:\Projects\WP\BRIAN\shareing\wp-content\themes\woostify\page.php(29): get_template_part('template-parts/...', 'page')
#19 D:\Projects\WP\BRIAN\shareing\wp-includes\template-loader.php(106): include('D:\\Projects\\WP\\...')
#20 D:\Projects\WP\BRIAN\shareing\wp-blog-header.php(19): require_once('D:\\Projects\\WP\\...')
#21 D:\Projects\WP\BRIAN\shareing\index.php(17): require('D:\\Projects\\WP\\...')
#22 {main}
  thrown in D:\Projects\WP\BRIAN\shareing\wp-content\plugins\affiliates-pro\lib\core\dashboard\class-affiliates-dashboard.php on line 172

2023-09-11T23:38:02+00:00 CRITICAL Uncaught Error: Call to a member function get_url_parameters() on null in D:\Projects\WP\BRIAN\shareing\wp-content\plugins\affiliates-pro\lib\core\dashboard\class-affiliates-dashboard.php:172
Stack trace:
#0 D:\Projects\WP\BRIAN\shareing\wp-content\plugins\affiliates-pro\templates\dashboard\dashboard.php(62): Affiliates_Dashboard->get_url(Array)
#1 D:\Projects\WP\BRIAN\shareing\wp-content\plugins\affiliates-pro\lib\core\class-affiliates-templates.php(59): include('D:\\Projects\\WP\\...')
#2 D:\Projects\WP\BRIAN\shareing\wp-content\plugins\affiliates-pro\lib\core\dashboard\class-affiliates-dashboard.php(91): Affiliates_Templates::include_template('dashboard/dashb...', Array)
#3 D:\Projects\WP\BRIAN\shareing\wp-content\plugins\affiliates-pro\lib\core\dashboard\class-affiliates-dashboard-shortcode.php(49): Affiliates_Dashboard->render()
#4 D:\Projects\WP\BRIAN\shareing\wp-includes\shortcodes.php(395): Affiliates_Dashboard_Shortcode::shortcode('', '', 'affiliates_dash...')
#5 [internal function]: do_shortcode_tag(Array)
#6 D:\Projects\WP\BRIAN\shareing\wp-includes\shortcodes.php(235): preg_replace_callback('/\\[(\\[?)(affili...', 'do_shortcode_ta...', '<p>[line_user_a...')
#7 D:\Projects\WP\BRIAN\shareing\wp-includes\class-wp-hook.php(310): do_shortcode('<p>[line_user_a...')
#8 D:\Projects\WP\BRIAN\shareing\wp-includes\plugin.php(205): WP_Hook->apply_filters('<p>[line_user_a...', Array)
#9 D:\Projects\WP\BRIAN\shareing\wp-includes\post-template.php(256): apply_filters('the_content', '[line_user_avat...')
#10 D:\Projects\WP\BRIAN\shareing\wp-content\themes\woostify\inc\woostify-template-functions.php(985): the_content()
#11 D:\Projects\WP\BRIAN\shareing\wp-includes\class-wp-hook.php(310): woostify_page_content('')
#12 D:\Projects\WP\BRIAN\shareing\wp-includes\class-wp-hook.php(334): WP_Hook->apply_filters('', Array)
#13 D:\Projects\WP\BRIAN\shareing\wp-includes\plugin.php(517): WP_Hook->do_action(Array)
#14 D:\Projects\WP\BRIAN\shareing\wp-content\themes\woostify\template-parts\content-page.php(17): do_action('woostify_page')
#15 D:\Projects\WP\BRIAN\shareing\wp-includes\template.php(787): require('D:\\Projects\\WP\\...')
#16 D:\Projects\WP\BRIAN\shareing\wp-includes\template.php(720): load_template('D:\\Projects\\WP\\...', false, Array)
#17 D:\Projects\WP\BRIAN\shareing\wp-includes\general-template.php(206): locate_template(Array, true, false, Array)
#18 D:\Projects\WP\BRIAN\shareing\wp-content\themes\woostify\page.php(29): get_template_part('template-parts/...', 'page')
#19 D:\Projects\WP\BRIAN\shareing\wp-includes\template-loader.php(106): include('D:\\Projects\\WP\\...')
#20 D:\Projects\WP\BRIAN\shareing\wp-blog-header.php(19): require_once('D:\\Projects\\WP\\...')
#21 D:\Projects\WP\BRIAN\shareing\index.php(17): require('D:\\Projects\\WP\\...')
#22 {main}
  thrown in D:\Projects\WP\BRIAN\shareing\wp-content\plugins\affiliates-pro\lib\core\dashboard\class-affiliates-dashboard.php on line 172

2023-09-11T23:41:54+00:00 CRITICAL Uncaught Error: Call to a member function get_url_parameters() on null in D:\Projects\WP\BRIAN\shareing\wp-content\plugins\affiliates-pro\lib\core\dashboard\class-affiliates-dashboard.php:172
Stack trace:
#0 D:\Projects\WP\BRIAN\shareing\wp-content\plugins\affiliates-pro\templates\dashboard\dashboard.php(62): Affiliates_Dashboard->get_url(Array)
#1 D:\Projects\WP\BRIAN\shareing\wp-content\plugins\affiliates-pro\lib\core\class-affiliates-templates.php(59): include('D:\\Projects\\WP\\...')
#2 D:\Projects\WP\BRIAN\shareing\wp-content\plugins\affiliates-pro\lib\core\dashboard\class-affiliates-dashboard.php(91): Affiliates_Templates::include_template('dashboard/dashb...', Array)
#3 D:\Projects\WP\BRIAN\shareing\wp-content\plugins\affiliates-pro\lib\core\dashboard\class-affiliates-dashboard-shortcode.php(49): Affiliates_Dashboard->render()
#4 D:\Projects\WP\BRIAN\shareing\wp-includes\shortcodes.php(395): Affiliates_Dashboard_Shortcode::shortcode('', '', 'affiliates_dash...')
#5 [internal function]: do_shortcode_tag(Array)
#6 D:\Projects\WP\BRIAN\shareing\wp-includes\shortcodes.php(235): preg_replace_callback('/\\[(\\[?)(affili...', 'do_shortcode_ta...', '<p>[line_user_a...')
#7 D:\Projects\WP\BRIAN\shareing\wp-includes\class-wp-hook.php(310): do_shortcode('<p>[line_user_a...')
#8 D:\Projects\WP\BRIAN\shareing\wp-includes\plugin.php(205): WP_Hook->apply_filters('<p>[line_user_a...', Array)
#9 D:\Projects\WP\BRIAN\shareing\wp-includes\post-template.php(256): apply_filters('the_content', '[line_user_avat...')
#10 D:\Projects\WP\BRIAN\shareing\wp-content\themes\woostify\inc\woostify-template-functions.php(985): the_content()
#11 D:\Projects\WP\BRIAN\shareing\wp-includes\class-wp-hook.php(310): woostify_page_content('')
#12 D:\Projects\WP\BRIAN\shareing\wp-includes\class-wp-hook.php(334): WP_Hook->apply_filters('', Array)
#13 D:\Projects\WP\BRIAN\shareing\wp-includes\plugin.php(517): WP_Hook->do_action(Array)
#14 D:\Projects\WP\BRIAN\shareing\wp-content\themes\woostify\template-parts\content-page.php(17): do_action('woostify_page')
#15 D:\Projects\WP\BRIAN\shareing\wp-includes\template.php(787): require('D:\\Projects\\WP\\...')
#16 D:\Projects\WP\BRIAN\shareing\wp-includes\template.php(720): load_template('D:\\Projects\\WP\\...', false, Array)
#17 D:\Projects\WP\BRIAN\shareing\wp-includes\general-template.php(206): locate_template(Array, true, false, Array)
#18 D:\Projects\WP\BRIAN\shareing\wp-content\themes\woostify\page.php(29): get_template_part('template-parts/...', 'page')
#19 D:\Projects\WP\BRIAN\shareing\wp-includes\template-loader.php(106): include('D:\\Projects\\WP\\...')
#20 D:\Projects\WP\BRIAN\shareing\wp-blog-header.php(19): require_once('D:\\Projects\\WP\\...')
#21 D:\Projects\WP\BRIAN\shareing\index.php(17): require('D:\\Projects\\WP\\...')
#22 {main}
  thrown in D:\Projects\WP\BRIAN\shareing\wp-content\plugins\affiliates-pro\lib\core\dashboard\class-affiliates-dashboard.php on line 172

2023-09-11T23:44:09+00:00 CRITICAL Uncaught Error: Call to a member function get_url_parameters() on null in D:\Projects\WP\BRIAN\shareing\wp-content\plugins\affiliates-pro\lib\core\dashboard\class-affiliates-dashboard.php:172
Stack trace:
#0 D:\Projects\WP\BRIAN\shareing\wp-content\plugins\affiliates-pro\templates\dashboard\dashboard.php(62): Affiliates_Dashboard->get_url(Array)
#1 D:\Projects\WP\BRIAN\shareing\wp-content\plugins\affiliates-pro\lib\core\class-affiliates-templates.php(59): include('D:\\Projects\\WP\\...')
#2 D:\Projects\WP\BRIAN\shareing\wp-content\plugins\affiliates-pro\lib\core\dashboard\class-affiliates-dashboard.php(91): Affiliates_Templates::include_template('dashboard/dashb...', Array)
#3 D:\Projects\WP\BRIAN\shareing\wp-content\plugins\affiliates-pro\lib\core\dashboard\class-affiliates-dashboard-shortcode.php(49): Affiliates_Dashboard->render()
#4 D:\Projects\WP\BRIAN\shareing\wp-includes\shortcodes.php(395): Affiliates_Dashboard_Shortcode::shortcode('', '', 'affiliates_dash...')
#5 [internal function]: do_shortcode_tag(Array)
#6 D:\Projects\WP\BRIAN\shareing\wp-includes\shortcodes.php(235): preg_replace_callback('/\\[(\\[?)(affili...', 'do_shortcode_ta...', '<p>[line_user_a...')
#7 D:\Projects\WP\BRIAN\shareing\wp-includes\class-wp-hook.php(310): do_shortcode('<p>[line_user_a...')
#8 D:\Projects\WP\BRIAN\shareing\wp-includes\plugin.php(205): WP_Hook->apply_filters('<p>[line_user_a...', Array)
#9 D:\Projects\WP\BRIAN\shareing\wp-includes\post-template.php(256): apply_filters('the_content', '[line_user_avat...')
#10 D:\Projects\WP\BRIAN\shareing\wp-content\themes\woostify\inc\woostify-template-functions.php(985): the_content()
#11 D:\Projects\WP\BRIAN\shareing\wp-includes\class-wp-hook.php(310): woostify_page_content('')
#12 D:\Projects\WP\BRIAN\shareing\wp-includes\class-wp-hook.php(334): WP_Hook->apply_filters('', Array)
#13 D:\Projects\WP\BRIAN\shareing\wp-includes\plugin.php(517): WP_Hook->do_action(Array)
#14 D:\Projects\WP\BRIAN\shareing\wp-content\themes\woostify\template-parts\content-page.php(17): do_action('woostify_page')
#15 D:\Projects\WP\BRIAN\shareing\wp-includes\template.php(787): require('D:\\Projects\\WP\\...')
#16 D:\Projects\WP\BRIAN\shareing\wp-includes\template.php(720): load_template('D:\\Projects\\WP\\...', false, Array)
#17 D:\Projects\WP\BRIAN\shareing\wp-includes\general-template.php(206): locate_template(Array, true, false, Array)
#18 D:\Projects\WP\BRIAN\shareing\wp-content\themes\woostify\page.php(29): get_template_part('template-parts/...', 'page')
#19 D:\Projects\WP\BRIAN\shareing\wp-includes\template-loader.php(106): include('D:\\Projects\\WP\\...')
#20 D:\Projects\WP\BRIAN\shareing\wp-blog-header.php(19): require_once('D:\\Projects\\WP\\...')
#21 D:\Projects\WP\BRIAN\shareing\index.php(17): require('D:\\Projects\\WP\\...')
#22 {main}
  thrown in D:\Projects\WP\BRIAN\shareing\wp-content\plugins\affiliates-pro\lib\core\dashboard\class-affiliates-dashboard.php on line 172

2023-09-11T23:44:47+00:00 CRITICAL Uncaught Error: Call to a member function get_url_parameters() on null in D:\Projects\WP\BRIAN\shareing\wp-content\plugins\affiliates-pro\lib\core\dashboard\class-affiliates-dashboard.php:172
Stack trace:
#0 D:\Projects\WP\BRIAN\shareing\wp-content\plugins\affiliates-pro\templates\dashboard\dashboard.php(62): Affiliates_Dashboard->get_url(Array)
#1 D:\Projects\WP\BRIAN\shareing\wp-content\plugins\affiliates-pro\lib\core\class-affiliates-templates.php(59): include('D:\\Projects\\WP\\...')
#2 D:\Projects\WP\BRIAN\shareing\wp-content\plugins\affiliates-pro\lib\core\dashboard\class-affiliates-dashboard.php(91): Affiliates_Templates::include_template('dashboard/dashb...', Array)
#3 D:\Projects\WP\BRIAN\shareing\wp-content\plugins\affiliates-pro\lib\core\dashboard\class-affiliates-dashboard-shortcode.php(49): Affiliates_Dashboard->render()
#4 D:\Projects\WP\BRIAN\shareing\wp-includes\shortcodes.php(395): Affiliates_Dashboard_Shortcode::shortcode('', '', 'affiliates_dash...')
#5 [internal function]: do_shortcode_tag(Array)
#6 D:\Projects\WP\BRIAN\shareing\wp-includes\shortcodes.php(235): preg_replace_callback('/\\[(\\[?)(affili...', 'do_shortcode_ta...', '<p>[line_user_a...')
#7 D:\Projects\WP\BRIAN\shareing\wp-includes\class-wp-hook.php(310): do_shortcode('<p>[line_user_a...')
#8 D:\Projects\WP\BRIAN\shareing\wp-includes\plugin.php(205): WP_Hook->apply_filters('<p>[line_user_a...', Array)
#9 D:\Projects\WP\BRIAN\shareing\wp-includes\post-template.php(256): apply_filters('the_content', '[line_user_avat...')
#10 D:\Projects\WP\BRIAN\shareing\wp-content\themes\woostify\inc\woostify-template-functions.php(985): the_content()
#11 D:\Projects\WP\BRIAN\shareing\wp-includes\class-wp-hook.php(310): woostify_page_content('')
#12 D:\Projects\WP\BRIAN\shareing\wp-includes\class-wp-hook.php(334): WP_Hook->apply_filters('', Array)
#13 D:\Projects\WP\BRIAN\shareing\wp-includes\plugin.php(517): WP_Hook->do_action(Array)
#14 D:\Projects\WP\BRIAN\shareing\wp-content\themes\woostify\template-parts\content-page.php(17): do_action('woostify_page')
#15 D:\Projects\WP\BRIAN\shareing\wp-includes\template.php(787): require('D:\\Projects\\WP\\...')
#16 D:\Projects\WP\BRIAN\shareing\wp-includes\template.php(720): load_template('D:\\Projects\\WP\\...', false, Array)
#17 D:\Projects\WP\BRIAN\shareing\wp-includes\general-template.php(206): locate_template(Array, true, false, Array)
#18 D:\Projects\WP\BRIAN\shareing\wp-content\themes\woostify\page.php(29): get_template_part('template-parts/...', 'page')
#19 D:\Projects\WP\BRIAN\shareing\wp-includes\template-loader.php(106): include('D:\\Projects\\WP\\...')
#20 D:\Projects\WP\BRIAN\shareing\wp-blog-header.php(19): require_once('D:\\Projects\\WP\\...')
#21 D:\Projects\WP\BRIAN\shareing\index.php(17): require('D:\\Projects\\WP\\...')
#22 {main}
  thrown in D:\Projects\WP\BRIAN\shareing\wp-content\plugins\affiliates-pro\lib\core\dashboard\class-affiliates-dashboard.php on line 172

2023-09-11T23:44:50+00:00 CRITICAL Uncaught Error: Call to a member function get_url_parameters() on null in D:\Projects\WP\BRIAN\shareing\wp-content\plugins\affiliates-pro\lib\core\dashboard\class-affiliates-dashboard.php:172
Stack trace:
#0 D:\Projects\WP\BRIAN\shareing\wp-content\plugins\affiliates-pro\templates\dashboard\dashboard.php(62): Affiliates_Dashboard->get_url(Array)
#1 D:\Projects\WP\BRIAN\shareing\wp-content\plugins\affiliates-pro\lib\core\class-affiliates-templates.php(59): include('D:\\Projects\\WP\\...')
#2 D:\Projects\WP\BRIAN\shareing\wp-content\plugins\affiliates-pro\lib\core\dashboard\class-affiliates-dashboard.php(91): Affiliates_Templates::include_template('dashboard/dashb...', Array)
#3 D:\Projects\WP\BRIAN\shareing\wp-content\plugins\affiliates-pro\lib\core\dashboard\class-affiliates-dashboard-shortcode.php(49): Affiliates_Dashboard->render()
#4 D:\Projects\WP\BRIAN\shareing\wp-includes\shortcodes.php(395): Affiliates_Dashboard_Shortcode::shortcode('', '', 'affiliates_dash...')
#5 [internal function]: do_shortcode_tag(Array)
#6 D:\Projects\WP\BRIAN\shareing\wp-includes\shortcodes.php(235): preg_replace_callback('/\\[(\\[?)(affili...', 'do_shortcode_ta...', '<p>[line_user_a...')
#7 D:\Projects\WP\BRIAN\shareing\wp-includes\class-wp-hook.php(310): do_shortcode('<p>[line_user_a...')
#8 D:\Projects\WP\BRIAN\shareing\wp-includes\plugin.php(205): WP_Hook->apply_filters('<p>[line_user_a...', Array)
#9 D:\Projects\WP\BRIAN\shareing\wp-includes\post-template.php(256): apply_filters('the_content', '[line_user_avat...')
#10 D:\Projects\WP\BRIAN\shareing\wp-content\themes\woostify\inc\woostify-template-functions.php(985): the_content()
#11 D:\Projects\WP\BRIAN\shareing\wp-includes\class-wp-hook.php(310): woostify_page_content('')
#12 D:\Projects\WP\BRIAN\shareing\wp-includes\class-wp-hook.php(334): WP_Hook->apply_filters('', Array)
#13 D:\Projects\WP\BRIAN\shareing\wp-includes\plugin.php(517): WP_Hook->do_action(Array)
#14 D:\Projects\WP\BRIAN\shareing\wp-content\themes\woostify\template-parts\content-page.php(17): do_action('woostify_page')
#15 D:\Projects\WP\BRIAN\shareing\wp-includes\template.php(787): require('D:\\Projects\\WP\\...')
#16 D:\Projects\WP\BRIAN\shareing\wp-includes\template.php(720): load_template('D:\\Projects\\WP\\...', false, Array)
#17 D:\Projects\WP\BRIAN\shareing\wp-includes\general-template.php(206): locate_template(Array, true, false, Array)
#18 D:\Projects\WP\BRIAN\shareing\wp-content\themes\woostify\page.php(29): get_template_part('template-parts/...', 'page')
#19 D:\Projects\WP\BRIAN\shareing\wp-includes\template-loader.php(106): include('D:\\Projects\\WP\\...')
#20 D:\Projects\WP\BRIAN\shareing\wp-blog-header.php(19): require_once('D:\\Projects\\WP\\...')
#21 D:\Projects\WP\BRIAN\shareing\index.php(17): require('D:\\Projects\\WP\\...')
#22 {main}
  thrown in D:\Projects\WP\BRIAN\shareing\wp-content\plugins\affiliates-pro\lib\core\dashboard\class-affiliates-dashboard.php on line 172

2023-09-11T23:46:34+00:00 CRITICAL Uncaught Error: Call to a member function get_url_parameters() on null in D:\Projects\WP\BRIAN\shareing\wp-content\plugins\affiliates-pro\lib\core\dashboard\class-affiliates-dashboard.php:172
Stack trace:
#0 D:\Projects\WP\BRIAN\shareing\wp-content\plugins\affiliates-pro\templates\dashboard\dashboard.php(62): Affiliates_Dashboard->get_url(Array)
#1 D:\Projects\WP\BRIAN\shareing\wp-content\plugins\affiliates-pro\lib\core\class-affiliates-templates.php(59): include('D:\\Projects\\WP\\...')
#2 D:\Projects\WP\BRIAN\shareing\wp-content\plugins\affiliates-pro\lib\core\dashboard\class-affiliates-dashboard.php(91): Affiliates_Templates::include_template('dashboard/dashb...', Array)
#3 D:\Projects\WP\BRIAN\shareing\wp-content\plugins\affiliates-pro\lib\core\dashboard\class-affiliates-dashboard-shortcode.php(49): Affiliates_Dashboard->render()
#4 D:\Projects\WP\BRIAN\shareing\wp-includes\shortcodes.php(395): Affiliates_Dashboard_Shortcode::shortcode('', '', 'affiliates_dash...')
#5 [internal function]: do_shortcode_tag(Array)
#6 D:\Projects\WP\BRIAN\shareing\wp-includes\shortcodes.php(235): preg_replace_callback('/\\[(\\[?)(affili...', 'do_shortcode_ta...', '<p>[line_user_a...')
#7 D:\Projects\WP\BRIAN\shareing\wp-includes\class-wp-hook.php(310): do_shortcode('<p>[line_user_a...')
#8 D:\Projects\WP\BRIAN\shareing\wp-includes\plugin.php(205): WP_Hook->apply_filters('<p>[line_user_a...', Array)
#9 D:\Projects\WP\BRIAN\shareing\wp-includes\post-template.php(256): apply_filters('the_content', '[line_user_avat...')
#10 D:\Projects\WP\BRIAN\shareing\wp-content\themes\woostify\inc\woostify-template-functions.php(985): the_content()
#11 D:\Projects\WP\BRIAN\shareing\wp-includes\class-wp-hook.php(310): woostify_page_content('')
#12 D:\Projects\WP\BRIAN\shareing\wp-includes\class-wp-hook.php(334): WP_Hook->apply_filters('', Array)
#13 D:\Projects\WP\BRIAN\shareing\wp-includes\plugin.php(517): WP_Hook->do_action(Array)
#14 D:\Projects\WP\BRIAN\shareing\wp-content\themes\woostify\template-parts\content-page.php(17): do_action('woostify_page')
#15 D:\Projects\WP\BRIAN\shareing\wp-includes\template.php(787): require('D:\\Projects\\WP\\...')
#16 D:\Projects\WP\BRIAN\shareing\wp-includes\template.php(720): load_template('D:\\Projects\\WP\\...', false, Array)
#17 D:\Projects\WP\BRIAN\shareing\wp-includes\general-template.php(206): locate_template(Array, true, false, Array)
#18 D:\Projects\WP\BRIAN\shareing\wp-content\themes\woostify\page.php(29): get_template_part('template-parts/...', 'page')
#19 D:\Projects\WP\BRIAN\shareing\wp-includes\template-loader.php(106): include('D:\\Projects\\WP\\...')
#20 D:\Projects\WP\BRIAN\shareing\wp-blog-header.php(19): require_once('D:\\Projects\\WP\\...')
#21 D:\Projects\WP\BRIAN\shareing\index.php(17): require('D:\\Projects\\WP\\...')
#22 {main}
  thrown in D:\Projects\WP\BRIAN\shareing\wp-content\plugins\affiliates-pro\lib\core\dashboard\class-affiliates-dashboard.php on line 172

