2023-08-23T19:29:47+00:00 CRITICAL Uncaught Error: Class "Affiliates_Dashboard_ShopList" not found in D:\Projects\WP\BRIAN\shareing\wp-content\plugins\affiliates-pro\lib\ext\dashboard\class-affiliates-dashboard-pro.php:64
Stack trace:
#0 D:\Projects\WP\BRIAN\shareing\wp-includes\class-wp-hook.php(312): Affiliates_Dashboard_Pro->setup_sections(Array)
#1 D:\Projects\WP\BRIAN\shareing\wp-includes\plugin.php(205): WP_Hook->apply_filters(Array, Array)
#2 D:\Projects\WP\BRIAN\shareing\wp-content\plugins\affiliates-pro\lib\core\dashboard\class-affiliates-dashboard.php(238): apply_filters('affiliates_dash...', Array, Object(Affiliates_Dashboard_Pro))
#3 D:\Projects\WP\BRIAN\shareing\wp-content\plugins\affiliates-pro\lib\core\dashboard\class-affiliates-dashboard.php(88): Affiliates_Dashboard->setup()
#4 D:\Projects\WP\BRIAN\shareing\wp-content\plugins\affiliates-pro\lib\core\dashboard\class-affiliates-dashboard-shortcode.php(49): Affiliates_Dashboard->render()
#5 D:\Projects\WP\BRIAN\shareing\wp-includes\shortcodes.php(395): Affiliates_Dashboard_Shortcode::shortcode('', '', 'affiliates_dash...')
#6 [internal function]: do_shortcode_tag(Array)
#7 D:\Projects\WP\BRIAN\shareing\wp-includes\shortcodes.php(235): preg_replace_callback('/\\[(\\[?)(affili...', 'do_shortcode_ta...', '[affiliates_das...')
#8 D:\Projects\WP\BRIAN\shareing\wp-includes\class-wp-hook.php(310): do_shortcode('[affiliates_das...')
#9 D:\Projects\WP\BRIAN\shareing\wp-includes\plugin.php(205): WP_Hook->apply_filters('[affiliates_das...', Array)
#10 D:\Projects\WP\BRIAN\shareing\wp-includes\post-template.php(256): apply_filters('the_content', '[affiliates_das...')
#11 D:\Projects\WP\BRIAN\shareing\wp-content\themes\woostify\inc\woostify-template-functions.php(985): the_content()
#12 D:\Projects\WP\BRIAN\shareing\wp-includes\class-wp-hook.php(310): woostify_page_content('')
#13 D:\Projects\WP\BRIAN\shareing\wp-includes\class-wp-hook.php(334): WP_Hook->apply_filters('', Array)
#14 D:\Projects\WP\BRIAN\shareing\wp-includes\plugin.php(517): WP_Hook->do_action(Array)
#15 D:\Projects\WP\BRIAN\shareing\wp-content\themes\woostify\template-parts\content-page.php(17): do_action('woostify_page')
#16 D:\Projects\WP\BRIAN\shareing\wp-includes\template.php(787): require('D:\\Projects\\WP\\...')
#17 D:\Projects\WP\BRIAN\shareing\wp-includes\template.php(720): load_template('D:\\Projects\\WP\\...', false, Array)
#18 D:\Projects\WP\BRIAN\shareing\wp-includes\general-template.php(206): locate_template(Array, true, false, Array)
#19 D:\Projects\WP\BRIAN\shareing\wp-content\themes\woostify\page.php(29): get_template_part('template-parts/...', 'page')
#20 D:\Projects\WP\BRIAN\shareing\wp-includes\template-loader.php(106): include('D:\\Projects\\WP\\...')
#21 D:\Projects\WP\BRIAN\shareing\wp-blog-header.php(19): require_once('D:\\Projects\\WP\\...')
#22 D:\Projects\WP\BRIAN\shareing\index.php(17): require('D:\\Projects\\WP\\...')
#23 {main}
  thrown in D:\Projects\WP\BRIAN\shareing\wp-content\plugins\affiliates-pro\lib\ext\dashboard\class-affiliates-dashboard-pro.php on line 64

2023-08-23T19:31:04+00:00 CRITICAL Uncaught Error: Class "Affiliates_Dashboard_ShopList" not found in D:\Projects\WP\BRIAN\shareing\wp-content\plugins\affiliates-pro\lib\ext\dashboard\class-affiliates-dashboard-pro.php:64
Stack trace:
#0 D:\Projects\WP\BRIAN\shareing\wp-includes\class-wp-hook.php(312): Affiliates_Dashboard_Pro->setup_sections(Array)
#1 D:\Projects\WP\BRIAN\shareing\wp-includes\plugin.php(205): WP_Hook->apply_filters(Array, Array)
#2 D:\Projects\WP\BRIAN\shareing\wp-content\plugins\affiliates-pro\lib\core\dashboard\class-affiliates-dashboard.php(238): apply_filters('affiliates_dash...', Array, Object(Affiliates_Dashboard_Pro))
#3 D:\Projects\WP\BRIAN\shareing\wp-content\plugins\affiliates-pro\lib\core\dashboard\class-affiliates-dashboard.php(88): Affiliates_Dashboard->setup()
#4 D:\Projects\WP\BRIAN\shareing\wp-content\plugins\affiliates-pro\lib\core\dashboard\class-affiliates-dashboard-shortcode.php(49): Affiliates_Dashboard->render()
#5 D:\Projects\WP\BRIAN\shareing\wp-includes\shortcodes.php(395): Affiliates_Dashboard_Shortcode::shortcode('', '', 'affiliates_dash...')
#6 [internal function]: do_shortcode_tag(Array)
#7 D:\Projects\WP\BRIAN\shareing\wp-includes\shortcodes.php(235): preg_replace_callback('/\\[(\\[?)(affili...', 'do_shortcode_ta...', '[affiliates_das...')
#8 D:\Projects\WP\BRIAN\shareing\wp-includes\class-wp-hook.php(310): do_shortcode('[affiliates_das...')
#9 D:\Projects\WP\BRIAN\shareing\wp-includes\plugin.php(205): WP_Hook->apply_filters('[affiliates_das...', Array)
#10 D:\Projects\WP\BRIAN\shareing\wp-includes\post-template.php(256): apply_filters('the_content', '[affiliates_das...')
#11 D:\Projects\WP\BRIAN\shareing\wp-content\themes\woostify\inc\woostify-template-functions.php(985): the_content()
#12 D:\Projects\WP\BRIAN\shareing\wp-includes\class-wp-hook.php(310): woostify_page_content('')
#13 D:\Projects\WP\BRIAN\shareing\wp-includes\class-wp-hook.php(334): WP_Hook->apply_filters('', Array)
#14 D:\Projects\WP\BRIAN\shareing\wp-includes\plugin.php(517): WP_Hook->do_action(Array)
#15 D:\Projects\WP\BRIAN\shareing\wp-content\themes\woostify\template-parts\content-page.php(17): do_action('woostify_page')
#16 D:\Projects\WP\BRIAN\shareing\wp-includes\template.php(787): require('D:\\Projects\\WP\\...')
#17 D:\Projects\WP\BRIAN\shareing\wp-includes\template.php(720): load_template('D:\\Projects\\WP\\...', false, Array)
#18 D:\Projects\WP\BRIAN\shareing\wp-includes\general-template.php(206): locate_template(Array, true, false, Array)
#19 D:\Projects\WP\BRIAN\shareing\wp-content\themes\woostify\page.php(29): get_template_part('template-parts/...', 'page')
#20 D:\Projects\WP\BRIAN\shareing\wp-includes\template-loader.php(106): include('D:\\Projects\\WP\\...')
#21 D:\Projects\WP\BRIAN\shareing\wp-blog-header.php(19): require_once('D:\\Projects\\WP\\...')
#22 D:\Projects\WP\BRIAN\shareing\index.php(17): require('D:\\Projects\\WP\\...')
#23 {main}
  thrown in D:\Projects\WP\BRIAN\shareing\wp-content\plugins\affiliates-pro\lib\ext\dashboard\class-affiliates-dashboard-pro.php on line 64

2023-08-23T19:35:24+00:00 CRITICAL Uncaught Error: Class "Affiliates_Dashboard_ShopList" not found in D:\Projects\WP\BRIAN\shareing\wp-content\plugins\affiliates-pro\lib\ext\dashboard\class-affiliates-dashboard-pro.php:64
Stack trace:
#0 D:\Projects\WP\BRIAN\shareing\wp-includes\class-wp-hook.php(312): Affiliates_Dashboard_Pro->setup_sections(Array)
#1 D:\Projects\WP\BRIAN\shareing\wp-includes\plugin.php(205): WP_Hook->apply_filters(Array, Array)
#2 D:\Projects\WP\BRIAN\shareing\wp-content\plugins\affiliates-pro\lib\core\dashboard\class-affiliates-dashboard.php(241): apply_filters('affiliates_dash...', Array, Object(Affiliates_Dashboard_Pro))
#3 D:\Projects\WP\BRIAN\shareing\wp-content\plugins\affiliates-pro\lib\core\dashboard\class-affiliates-dashboard.php(88): Affiliates_Dashboard->setup()
#4 D:\Projects\WP\BRIAN\shareing\wp-content\plugins\affiliates-pro\lib\core\dashboard\class-affiliates-dashboard-shortcode.php(49): Affiliates_Dashboard->render()
#5 D:\Projects\WP\BRIAN\shareing\wp-includes\shortcodes.php(395): Affiliates_Dashboard_Shortcode::shortcode('', '', 'affiliates_dash...')
#6 [internal function]: do_shortcode_tag(Array)
#7 D:\Projects\WP\BRIAN\shareing\wp-includes\shortcodes.php(235): preg_replace_callback('/\\[(\\[?)(affili...', 'do_shortcode_ta...', '[affiliates_das...')
#8 D:\Projects\WP\BRIAN\shareing\wp-includes\class-wp-hook.php(310): do_shortcode('[affiliates_das...')
#9 D:\Projects\WP\BRIAN\shareing\wp-includes\plugin.php(205): WP_Hook->apply_filters('[affiliates_das...', Array)
#10 D:\Projects\WP\BRIAN\shareing\wp-includes\post-template.php(256): apply_filters('the_content', '[affiliates_das...')
#11 D:\Projects\WP\BRIAN\shareing\wp-content\themes\woostify\inc\woostify-template-functions.php(985): the_content()
#12 D:\Projects\WP\BRIAN\shareing\wp-includes\class-wp-hook.php(310): woostify_page_content('')
#13 D:\Projects\WP\BRIAN\shareing\wp-includes\class-wp-hook.php(334): WP_Hook->apply_filters('', Array)
#14 D:\Projects\WP\BRIAN\shareing\wp-includes\plugin.php(517): WP_Hook->do_action(Array)
#15 D:\Projects\WP\BRIAN\shareing\wp-content\themes\woostify\template-parts\content-page.php(17): do_action('woostify_page')
#16 D:\Projects\WP\BRIAN\shareing\wp-includes\template.php(787): require('D:\\Projects\\WP\\...')
#17 D:\Projects\WP\BRIAN\shareing\wp-includes\template.php(720): load_template('D:\\Projects\\WP\\...', false, Array)
#18 D:\Projects\WP\BRIAN\shareing\wp-includes\general-template.php(206): locate_template(Array, true, false, Array)
#19 D:\Projects\WP\BRIAN\shareing\wp-content\themes\woostify\page.php(29): get_template_part('template-parts/...', 'page')
#20 D:\Projects\WP\BRIAN\shareing\wp-includes\template-loader.php(106): include('D:\\Projects\\WP\\...')
#21 D:\Projects\WP\BRIAN\shareing\wp-blog-header.php(19): require_once('D:\\Projects\\WP\\...')
#22 D:\Projects\WP\BRIAN\shareing\index.php(17): require('D:\\Projects\\WP\\...')
#23 {main}
  thrown in D:\Projects\WP\BRIAN\shareing\wp-content\plugins\affiliates-pro\lib\ext\dashboard\class-affiliates-dashboard-pro.php on line 64

2023-08-23T19:47:53+00:00 CRITICAL Uncaught Error: Class "Affiliates_Dashboard_ShopList" not found in D:\Projects\WP\BRIAN\shareing\wp-content\plugins\affiliates-pro\lib\ext\dashboard\class-affiliates-dashboard-pro.php:64
Stack trace:
#0 D:\Projects\WP\BRIAN\shareing\wp-includes\class-wp-hook.php(312): Affiliates_Dashboard_Pro->setup_sections(Array)
#1 D:\Projects\WP\BRIAN\shareing\wp-includes\plugin.php(205): WP_Hook->apply_filters(Array, Array)
#2 D:\Projects\WP\BRIAN\shareing\wp-content\plugins\affiliates-pro\lib\core\dashboard\class-affiliates-dashboard.php(241): apply_filters('affiliates_dash...', Array, Object(Affiliates_Dashboard_Pro))
#3 D:\Projects\WP\BRIAN\shareing\wp-content\plugins\affiliates-pro\lib\core\dashboard\class-affiliates-dashboard.php(88): Affiliates_Dashboard->setup()
#4 D:\Projects\WP\BRIAN\shareing\wp-content\plugins\affiliates-pro\lib\core\dashboard\class-affiliates-dashboard-shortcode.php(49): Affiliates_Dashboard->render()
#5 D:\Projects\WP\BRIAN\shareing\wp-includes\shortcodes.php(395): Affiliates_Dashboard_Shortcode::shortcode('', '', 'affiliates_dash...')
#6 [internal function]: do_shortcode_tag(Array)
#7 D:\Projects\WP\BRIAN\shareing\wp-includes\shortcodes.php(235): preg_replace_callback('/\\[(\\[?)(affili...', 'do_shortcode_ta...', '[affiliates_das...')
#8 D:\Projects\WP\BRIAN\shareing\wp-includes\class-wp-hook.php(310): do_shortcode('[affiliates_das...')
#9 D:\Projects\WP\BRIAN\shareing\wp-includes\plugin.php(205): WP_Hook->apply_filters('[affiliates_das...', Array)
#10 D:\Projects\WP\BRIAN\shareing\wp-includes\post-template.php(256): apply_filters('the_content', '[affiliates_das...')
#11 D:\Projects\WP\BRIAN\shareing\wp-content\themes\woostify\inc\woostify-template-functions.php(985): the_content()
#12 D:\Projects\WP\BRIAN\shareing\wp-includes\class-wp-hook.php(310): woostify_page_content('')
#13 D:\Projects\WP\BRIAN\shareing\wp-includes\class-wp-hook.php(334): WP_Hook->apply_filters('', Array)
#14 D:\Projects\WP\BRIAN\shareing\wp-includes\plugin.php(517): WP_Hook->do_action(Array)
#15 D:\Projects\WP\BRIAN\shareing\wp-content\themes\woostify\template-parts\content-page.php(17): do_action('woostify_page')
#16 D:\Projects\WP\BRIAN\shareing\wp-includes\template.php(787): require('D:\\Projects\\WP\\...')
#17 D:\Projects\WP\BRIAN\shareing\wp-includes\template.php(720): load_template('D:\\Projects\\WP\\...', false, Array)
#18 D:\Projects\WP\BRIAN\shareing\wp-includes\general-template.php(206): locate_template(Array, true, false, Array)
#19 D:\Projects\WP\BRIAN\shareing\wp-content\themes\woostify\page.php(29): get_template_part('template-parts/...', 'page')
#20 D:\Projects\WP\BRIAN\shareing\wp-includes\template-loader.php(106): include('D:\\Projects\\WP\\...')
#21 D:\Projects\WP\BRIAN\shareing\wp-blog-header.php(19): require_once('D:\\Projects\\WP\\...')
#22 D:\Projects\WP\BRIAN\shareing\index.php(17): require('D:\\Projects\\WP\\...')
#23 {main}
  thrown in D:\Projects\WP\BRIAN\shareing\wp-content\plugins\affiliates-pro\lib\ext\dashboard\class-affiliates-dashboard-pro.php on line 64

2023-08-23T19:49:39+00:00 CRITICAL Uncaught Error: Class "Affiliates_Dashboard_ShopList" not found in D:\Projects\WP\BRIAN\shareing\wp-content\plugins\affiliates-pro\lib\ext\dashboard\class-affiliates-dashboard-pro.php:64
Stack trace:
#0 D:\Projects\WP\BRIAN\shareing\wp-includes\class-wp-hook.php(312): Affiliates_Dashboard_Pro->setup_sections(Array)
#1 D:\Projects\WP\BRIAN\shareing\wp-includes\plugin.php(205): WP_Hook->apply_filters(Array, Array)
#2 D:\Projects\WP\BRIAN\shareing\wp-content\plugins\affiliates-pro\lib\core\dashboard\class-affiliates-dashboard.php(241): apply_filters('affiliates_dash...', Array, Object(Affiliates_Dashboard_Pro))
#3 D:\Projects\WP\BRIAN\shareing\wp-content\plugins\affiliates-pro\lib\core\dashboard\class-affiliates-dashboard.php(88): Affiliates_Dashboard->setup()
#4 D:\Projects\WP\BRIAN\shareing\wp-content\plugins\affiliates-pro\lib\core\dashboard\class-affiliates-dashboard-shortcode.php(49): Affiliates_Dashboard->render()
#5 D:\Projects\WP\BRIAN\shareing\wp-includes\shortcodes.php(395): Affiliates_Dashboard_Shortcode::shortcode('', '', 'affiliates_dash...')
#6 [internal function]: do_shortcode_tag(Array)
#7 D:\Projects\WP\BRIAN\shareing\wp-includes\shortcodes.php(235): preg_replace_callback('/\\[(\\[?)(affili...', 'do_shortcode_ta...', '[affiliates_das...')
#8 D:\Projects\WP\BRIAN\shareing\wp-includes\class-wp-hook.php(310): do_shortcode('[affiliates_das...')
#9 D:\Projects\WP\BRIAN\shareing\wp-includes\plugin.php(205): WP_Hook->apply_filters('[affiliates_das...', Array)
#10 D:\Projects\WP\BRIAN\shareing\wp-includes\post-template.php(256): apply_filters('the_content', '[affiliates_das...')
#11 D:\Projects\WP\BRIAN\shareing\wp-content\themes\woostify\inc\woostify-template-functions.php(985): the_content()
#12 D:\Projects\WP\BRIAN\shareing\wp-includes\class-wp-hook.php(310): woostify_page_content('')
#13 D:\Projects\WP\BRIAN\shareing\wp-includes\class-wp-hook.php(334): WP_Hook->apply_filters('', Array)
#14 D:\Projects\WP\BRIAN\shareing\wp-includes\plugin.php(517): WP_Hook->do_action(Array)
#15 D:\Projects\WP\BRIAN\shareing\wp-content\themes\woostify\template-parts\content-page.php(17): do_action('woostify_page')
#16 D:\Projects\WP\BRIAN\shareing\wp-includes\template.php(787): require('D:\\Projects\\WP\\...')
#17 D:\Projects\WP\BRIAN\shareing\wp-includes\template.php(720): load_template('D:\\Projects\\WP\\...', false, Array)
#18 D:\Projects\WP\BRIAN\shareing\wp-includes\general-template.php(206): locate_template(Array, true, false, Array)
#19 D:\Projects\WP\BRIAN\shareing\wp-content\themes\woostify\page.php(29): get_template_part('template-parts/...', 'page')
#20 D:\Projects\WP\BRIAN\shareing\wp-includes\template-loader.php(106): include('D:\\Projects\\WP\\...')
#21 D:\Projects\WP\BRIAN\shareing\wp-blog-header.php(19): require_once('D:\\Projects\\WP\\...')
#22 D:\Projects\WP\BRIAN\shareing\index.php(17): require('D:\\Projects\\WP\\...')
#23 {main}
  thrown in D:\Projects\WP\BRIAN\shareing\wp-content\plugins\affiliates-pro\lib\ext\dashboard\class-affiliates-dashboard-pro.php on line 64

2023-08-23T20:27:20+00:00 CRITICAL Uncaught Error: Class "Affiliates_Dashboard_ShopList" not found in D:\Projects\WP\BRIAN\shareing\wp-content\plugins\affiliates-pro\lib\ext\dashboard\class-affiliates-dashboard-pro.php:64
Stack trace:
#0 D:\Projects\WP\BRIAN\shareing\wp-includes\class-wp-hook.php(312): Affiliates_Dashboard_Pro->setup_sections(Array)
#1 D:\Projects\WP\BRIAN\shareing\wp-includes\plugin.php(205): WP_Hook->apply_filters(Array, Array)
#2 D:\Projects\WP\BRIAN\shareing\wp-content\plugins\affiliates-pro\lib\core\dashboard\class-affiliates-dashboard.php(241): apply_filters('affiliates_dash...', Array, Object(Affiliates_Dashboard_Pro))
#3 D:\Projects\WP\BRIAN\shareing\wp-content\plugins\affiliates-pro\lib\core\dashboard\class-affiliates-dashboard.php(88): Affiliates_Dashboard->setup()
#4 D:\Projects\WP\BRIAN\shareing\wp-content\plugins\affiliates-pro\lib\core\dashboard\class-affiliates-dashboard-shortcode.php(49): Affiliates_Dashboard->render()
#5 D:\Projects\WP\BRIAN\shareing\wp-includes\shortcodes.php(395): Affiliates_Dashboard_Shortcode::shortcode('', '', 'affiliates_dash...')
#6 [internal function]: do_shortcode_tag(Array)
#7 D:\Projects\WP\BRIAN\shareing\wp-includes\shortcodes.php(235): preg_replace_callback('/\\[(\\[?)(affili...', 'do_shortcode_ta...', '[affiliates_das...')
#8 D:\Projects\WP\BRIAN\shareing\wp-includes\class-wp-hook.php(310): do_shortcode('[affiliates_das...')
#9 D:\Projects\WP\BRIAN\shareing\wp-includes\plugin.php(205): WP_Hook->apply_filters('[affiliates_das...', Array)
#10 D:\Projects\WP\BRIAN\shareing\wp-includes\post-template.php(256): apply_filters('the_content', '[affiliates_das...')
#11 D:\Projects\WP\BRIAN\shareing\wp-content\themes\woostify\inc\woostify-template-functions.php(985): the_content()
#12 D:\Projects\WP\BRIAN\shareing\wp-includes\class-wp-hook.php(310): woostify_page_content('')
#13 D:\Projects\WP\BRIAN\shareing\wp-includes\class-wp-hook.php(334): WP_Hook->apply_filters('', Array)
#14 D:\Projects\WP\BRIAN\shareing\wp-includes\plugin.php(517): WP_Hook->do_action(Array)
#15 D:\Projects\WP\BRIAN\shareing\wp-content\themes\woostify\template-parts\content-page.php(17): do_action('woostify_page')
#16 D:\Projects\WP\BRIAN\shareing\wp-includes\template.php(787): require('D:\\Projects\\WP\\...')
#17 D:\Projects\WP\BRIAN\shareing\wp-includes\template.php(720): load_template('D:\\Projects\\WP\\...', false, Array)
#18 D:\Projects\WP\BRIAN\shareing\wp-includes\general-template.php(206): locate_template(Array, true, false, Array)
#19 D:\Projects\WP\BRIAN\shareing\wp-content\themes\woostify\page.php(29): get_template_part('template-parts/...', 'page')
#20 D:\Projects\WP\BRIAN\shareing\wp-includes\template-loader.php(106): include('D:\\Projects\\WP\\...')
#21 D:\Projects\WP\BRIAN\shareing\wp-blog-header.php(19): require_once('D:\\Projects\\WP\\...')
#22 D:\Projects\WP\BRIAN\shareing\index.php(17): require('D:\\Projects\\WP\\...')
#23 {main}
  thrown in D:\Projects\WP\BRIAN\shareing\wp-content\plugins\affiliates-pro\lib\ext\dashboard\class-affiliates-dashboard-pro.php on line 64

2023-08-23T20:28:04+00:00 CRITICAL Uncaught Error: Class "Affiliates_Dashboard_ShopList" not found in D:\Projects\WP\BRIAN\shareing\wp-content\plugins\affiliates-pro\lib\ext\dashboard\class-affiliates-dashboard-pro.php:64
Stack trace:
#0 D:\Projects\WP\BRIAN\shareing\wp-includes\class-wp-hook.php(312): Affiliates_Dashboard_Pro->setup_sections(Array)
#1 D:\Projects\WP\BRIAN\shareing\wp-includes\plugin.php(205): WP_Hook->apply_filters(Array, Array)
#2 D:\Projects\WP\BRIAN\shareing\wp-content\plugins\affiliates-pro\lib\core\dashboard\class-affiliates-dashboard.php(241): apply_filters('affiliates_dash...', Array, Object(Affiliates_Dashboard_Pro))
#3 D:\Projects\WP\BRIAN\shareing\wp-content\plugins\affiliates-pro\lib\core\dashboard\class-affiliates-dashboard.php(88): Affiliates_Dashboard->setup()
#4 D:\Projects\WP\BRIAN\shareing\wp-content\plugins\affiliates-pro\lib\core\dashboard\class-affiliates-dashboard-shortcode.php(49): Affiliates_Dashboard->render()
#5 D:\Projects\WP\BRIAN\shareing\wp-includes\shortcodes.php(395): Affiliates_Dashboard_Shortcode::shortcode('', '', 'affiliates_dash...')
#6 [internal function]: do_shortcode_tag(Array)
#7 D:\Projects\WP\BRIAN\shareing\wp-includes\shortcodes.php(235): preg_replace_callback('/\\[(\\[?)(affili...', 'do_shortcode_ta...', '[affiliates_das...')
#8 D:\Projects\WP\BRIAN\shareing\wp-includes\class-wp-hook.php(310): do_shortcode('[affiliates_das...')
#9 D:\Projects\WP\BRIAN\shareing\wp-includes\plugin.php(205): WP_Hook->apply_filters('[affiliates_das...', Array)
#10 D:\Projects\WP\BRIAN\shareing\wp-includes\post-template.php(256): apply_filters('the_content', '[affiliates_das...')
#11 D:\Projects\WP\BRIAN\shareing\wp-content\themes\woostify\inc\woostify-template-functions.php(985): the_content()
#12 D:\Projects\WP\BRIAN\shareing\wp-includes\class-wp-hook.php(310): woostify_page_content('')
#13 D:\Projects\WP\BRIAN\shareing\wp-includes\class-wp-hook.php(334): WP_Hook->apply_filters('', Array)
#14 D:\Projects\WP\BRIAN\shareing\wp-includes\plugin.php(517): WP_Hook->do_action(Array)
#15 D:\Projects\WP\BRIAN\shareing\wp-content\themes\woostify\template-parts\content-page.php(17): do_action('woostify_page')
#16 D:\Projects\WP\BRIAN\shareing\wp-includes\template.php(787): require('D:\\Projects\\WP\\...')
#17 D:\Projects\WP\BRIAN\shareing\wp-includes\template.php(720): load_template('D:\\Projects\\WP\\...', false, Array)
#18 D:\Projects\WP\BRIAN\shareing\wp-includes\general-template.php(206): locate_template(Array, true, false, Array)
#19 D:\Projects\WP\BRIAN\shareing\wp-content\themes\woostify\page.php(29): get_template_part('template-parts/...', 'page')
#20 D:\Projects\WP\BRIAN\shareing\wp-includes\template-loader.php(106): include('D:\\Projects\\WP\\...')
#21 D:\Projects\WP\BRIAN\shareing\wp-blog-header.php(19): require_once('D:\\Projects\\WP\\...')
#22 D:\Projects\WP\BRIAN\shareing\index.php(17): require('D:\\Projects\\WP\\...')
#23 {main}
  thrown in D:\Projects\WP\BRIAN\shareing\wp-content\plugins\affiliates-pro\lib\ext\dashboard\class-affiliates-dashboard-pro.php on line 64

2023-08-23T20:39:25+00:00 CRITICAL Uncaught Error: Class "Affiliates_Dashboard_ShopList" not found in D:\Projects\WP\BRIAN\shareing\wp-content\plugins\affiliates-pro\lib\ext\dashboard\class-affiliates-dashboard-pro.php:64
Stack trace:
#0 D:\Projects\WP\BRIAN\shareing\wp-includes\class-wp-hook.php(312): Affiliates_Dashboard_Pro->setup_sections(Array)
#1 D:\Projects\WP\BRIAN\shareing\wp-includes\plugin.php(205): WP_Hook->apply_filters(Array, Array)
#2 D:\Projects\WP\BRIAN\shareing\wp-content\plugins\affiliates-pro\lib\core\dashboard\class-affiliates-dashboard.php(241): apply_filters('affiliates_dash...', Array, Object(Affiliates_Dashboard_Pro))
#3 D:\Projects\WP\BRIAN\shareing\wp-content\plugins\affiliates-pro\lib\core\dashboard\class-affiliates-dashboard.php(88): Affiliates_Dashboard->setup()
#4 D:\Projects\WP\BRIAN\shareing\wp-content\plugins\affiliates-pro\lib\core\dashboard\class-affiliates-dashboard-shortcode.php(49): Affiliates_Dashboard->render()
#5 D:\Projects\WP\BRIAN\shareing\wp-includes\shortcodes.php(395): Affiliates_Dashboard_Shortcode::shortcode('', '', 'affiliates_dash...')
#6 [internal function]: do_shortcode_tag(Array)
#7 D:\Projects\WP\BRIAN\shareing\wp-includes\shortcodes.php(235): preg_replace_callback('/\\[(\\[?)(affili...', 'do_shortcode_ta...', '[affiliates_das...')
#8 D:\Projects\WP\BRIAN\shareing\wp-includes\class-wp-hook.php(310): do_shortcode('[affiliates_das...')
#9 D:\Projects\WP\BRIAN\shareing\wp-includes\plugin.php(205): WP_Hook->apply_filters('[affiliates_das...', Array)
#10 D:\Projects\WP\BRIAN\shareing\wp-includes\post-template.php(256): apply_filters('the_content', '[affiliates_das...')
#11 D:\Projects\WP\BRIAN\shareing\wp-content\themes\woostify\inc\woostify-template-functions.php(985): the_content()
#12 D:\Projects\WP\BRIAN\shareing\wp-includes\class-wp-hook.php(310): woostify_page_content('')
#13 D:\Projects\WP\BRIAN\shareing\wp-includes\class-wp-hook.php(334): WP_Hook->apply_filters('', Array)
#14 D:\Projects\WP\BRIAN\shareing\wp-includes\plugin.php(517): WP_Hook->do_action(Array)
#15 D:\Projects\WP\BRIAN\shareing\wp-content\themes\woostify\template-parts\content-page.php(17): do_action('woostify_page')
#16 D:\Projects\WP\BRIAN\shareing\wp-includes\template.php(787): require('D:\\Projects\\WP\\...')
#17 D:\Projects\WP\BRIAN\shareing\wp-includes\template.php(720): load_template('D:\\Projects\\WP\\...', false, Array)
#18 D:\Projects\WP\BRIAN\shareing\wp-includes\general-template.php(206): locate_template(Array, true, false, Array)
#19 D:\Projects\WP\BRIAN\shareing\wp-content\themes\woostify\page.php(29): get_template_part('template-parts/...', 'page')
#20 D:\Projects\WP\BRIAN\shareing\wp-includes\template-loader.php(106): include('D:\\Projects\\WP\\...')
#21 D:\Projects\WP\BRIAN\shareing\wp-blog-header.php(19): require_once('D:\\Projects\\WP\\...')
#22 D:\Projects\WP\BRIAN\shareing\index.php(17): require('D:\\Projects\\WP\\...')
#23 {main}
  thrown in D:\Projects\WP\BRIAN\shareing\wp-content\plugins\affiliates-pro\lib\ext\dashboard\class-affiliates-dashboard-pro.php on line 64

